<?xml version="1.0" encoding="UTF-8"?>
<coverage generated="1539738477">
  <project timestamp="1539738477">
    <package name="App\Bridge\Http">
      <file name="/var/www/symfony_app/src/Bridge/Http/AbstractHttpClient.php">
        <class name="App\Bridge\Http\AbstractHttpClient" namespace="App\Bridge\Http">
          <metrics complexity="3" methods="2" coveredmethods="1" conditionals="0" coveredconditionals="0" statements="4" coveredstatements="2" elements="6" coveredelements="3"/>
        </class>
        <line num="12" type="method" name="__construct" visibility="public" complexity="1" crap="1" count="2"/>
        <line num="14" type="stmt" count="2"/>
        <line num="15" type="stmt" count="2"/>
        <line num="16" type="method" name="setImplementation" visibility="public" complexity="1" crap="2" count="0"/>
        <line num="18" type="stmt" count="0"/>
        <line num="19" type="stmt" count="0"/>
        <metrics loc="22" ncloc="19" classes="1" methods="2" coveredmethods="1" conditionals="0" coveredconditionals="0" statements="4" coveredstatements="2" elements="6" coveredelements="3"/>
      </file>
      <file name="/var/www/symfony_app/src/Bridge/Http/GuzzleHttpClient.php">
        <class name="App\Bridge\Http\GuzzleHttpClient" namespace="App\Bridge\Http">
          <metrics complexity="4" methods="2" coveredmethods="1" conditionals="0" coveredconditionals="0" statements="11" coveredstatements="8" elements="13" coveredelements="9"/>
        </class>
        <line num="22" type="method" name="__construct" visibility="public" complexity="2" crap="2" count="2"/>
        <line num="24" type="stmt" count="2"/>
        <line num="25" type="stmt" count="2"/>
        <line num="26" type="stmt" count="2"/>
        <line num="29" type="stmt" count="2"/>
        <line num="30" type="stmt" count="2"/>
        <line num="31" type="stmt" count="2"/>
        <line num="33" type="method" name="get" visibility="public" complexity="2" crap="2.86" count="1"/>
        <line num="36" type="stmt" count="1"/>
        <line num="38" type="stmt" count="1"/>
        <line num="39" type="stmt" count="0"/>
        <line num="40" type="stmt" count="0"/>
        <line num="43" type="stmt" count="0"/>
        <metrics loc="45" ncloc="39" classes="1" methods="2" coveredmethods="1" conditionals="0" coveredconditionals="0" statements="11" coveredstatements="8" elements="13" coveredelements="9"/>
      </file>
      <file name="/var/www/symfony_app/src/Bridge/Http/HttpClient.php">
        <class name="App\Bridge\Http\HttpClient" namespace="App\Bridge\Http">
          <metrics complexity="1" methods="1" coveredmethods="1" conditionals="0" coveredconditionals="0" statements="1" coveredstatements="1" elements="2" coveredelements="2"/>
        </class>
        <line num="7" type="method" name="get" visibility="public" complexity="1" crap="1" count="1"/>
        <line num="9" type="stmt" count="1"/>
        <metrics loc="11" ncloc="11" classes="1" methods="1" coveredmethods="1" conditionals="0" coveredconditionals="0" statements="1" coveredstatements="1" elements="2" coveredelements="2"/>
      </file>
      <file name="/var/www/symfony_app/src/Bridge/Http/HttpResponse.php">
        <class name="App\Bridge\Http\HttpResponse" namespace="App\Bridge\Http">
          <metrics complexity="3" methods="3" coveredmethods="2" conditionals="0" coveredconditionals="0" statements="5" coveredstatements="4" elements="8" coveredelements="6"/>
        </class>
        <line num="17" type="method" name="__construct" visibility="public" complexity="1" crap="1" count="1"/>
        <line num="19" type="stmt" count="1"/>
        <line num="20" type="stmt" count="1"/>
        <line num="21" type="stmt" count="1"/>
        <line num="23" type="method" name="getCode" visibility="public" complexity="1" crap="1" count="1"/>
        <line num="25" type="stmt" count="1"/>
        <line num="28" type="method" name="getBody" visibility="public" complexity="1" crap="2" count="0"/>
        <line num="30" type="stmt" count="0"/>
        <metrics loc="32" ncloc="26" classes="1" methods="3" coveredmethods="2" conditionals="0" coveredconditionals="0" statements="5" coveredstatements="4" elements="8" coveredelements="6"/>
      </file>
    </package>
    <file name="/var/www/symfony_app/src/Bridge/Http/HttpClientInterface.php">
      <metrics loc="9" ncloc="9" classes="0" methods="0" coveredmethods="0" conditionals="0" coveredconditionals="0" statements="0" coveredstatements="0" elements="0" coveredelements="0"/>
    </file>
    <package name="App\Controller">
      <file name="/var/www/symfony_app/src/Controller/ISSPositionController.php">
        <class name="App\Controller\ISSPositionController" namespace="App\Controller">
          <metrics complexity="5" methods="2" coveredmethods="0" conditionals="0" coveredconditionals="0" statements="21" coveredstatements="0" elements="23" coveredelements="0"/>
        </class>
        <line num="20" type="method" name="readISSPosition" visibility="public" complexity="2" crap="6" count="0"/>
        <line num="21" type="stmt" count="0"/>
        <line num="22" type="stmt" count="0"/>
        <line num="23" type="stmt" count="0"/>
        <line num="25" type="stmt" count="0"/>
        <line num="26" type="stmt" count="0"/>
        <line num="27" type="stmt" count="0"/>
        <line num="29" type="stmt" count="0"/>
        <line num="30" type="stmt" count="0"/>
        <line num="35" type="method" name="createISSDistance" visibility="public" complexity="3" crap="12" count="0"/>
        <line num="36" type="stmt" count="0"/>
        <line num="37" type="stmt" count="0"/>
        <line num="38" type="stmt" count="0"/>
        <line num="40" type="stmt" count="0"/>
        <line num="41" type="stmt" count="0"/>
        <line num="43" type="stmt" count="0"/>
        <line num="44" type="stmt" count="0"/>
        <line num="46" type="stmt" count="0"/>
        <line num="47" type="stmt" count="0"/>
        <line num="48" type="stmt" count="0"/>
        <line num="50" type="stmt" count="0"/>
        <line num="51" type="stmt" count="0"/>
        <line num="52" type="stmt" count="0"/>
        <metrics loc="53" ncloc="46" classes="1" methods="2" coveredmethods="0" conditionals="0" coveredconditionals="0" statements="21" coveredstatements="0" elements="23" coveredelements="0"/>
      </file>
    </package>
    <package name="App\Exception">
      <file name="/var/www/symfony_app/src/Exception/LatitudeInvalidException.php">
        <class name="App\Exception\LatitudeInvalidException" namespace="App\Exception">
          <metrics complexity="1" methods="1" coveredmethods="1" conditionals="0" coveredconditionals="0" statements="2" coveredstatements="2" elements="3" coveredelements="3"/>
        </class>
        <line num="7" type="method" name="__construct" visibility="public" complexity="1" crap="1" count="1"/>
        <line num="9" type="stmt" count="1"/>
        <line num="10" type="stmt" count="1"/>
        <metrics loc="11" ncloc="11" classes="1" methods="1" coveredmethods="1" conditionals="0" coveredconditionals="0" statements="2" coveredstatements="2" elements="3" coveredelements="3"/>
      </file>
      <file name="/var/www/symfony_app/src/Exception/LongitudeInvalidException.php">
        <class name="App\Exception\LongitudeInvalidException" namespace="App\Exception">
          <metrics complexity="1" methods="1" coveredmethods="1" conditionals="0" coveredconditionals="0" statements="2" coveredstatements="2" elements="3" coveredelements="3"/>
        </class>
        <line num="7" type="method" name="__construct" visibility="public" complexity="1" crap="1" count="1"/>
        <line num="9" type="stmt" count="1"/>
        <line num="10" type="stmt" count="1"/>
        <metrics loc="11" ncloc="11" classes="1" methods="1" coveredmethods="1" conditionals="0" coveredconditionals="0" statements="2" coveredstatements="2" elements="3" coveredelements="3"/>
      </file>
      <file name="/var/www/symfony_app/src/Exception/SatelliteIdExpectedException.php">
        <class name="App\Exception\SatelliteIdExpectedException" namespace="App\Exception">
          <metrics complexity="1" methods="1" coveredmethods="1" conditionals="0" coveredconditionals="0" statements="2" coveredstatements="2" elements="3" coveredelements="3"/>
        </class>
        <line num="7" type="method" name="__construct" visibility="public" complexity="1" crap="1" count="1"/>
        <line num="9" type="stmt" count="1"/>
        <line num="10" type="stmt" count="1"/>
        <metrics loc="11" ncloc="11" classes="1" methods="1" coveredmethods="1" conditionals="0" coveredconditionals="0" statements="2" coveredstatements="2" elements="3" coveredelements="3"/>
      </file>
    </package>
    <package name="App\Form">
      <file name="/var/www/symfony_app/src/Form/CoordinateType.php">
        <class name="App\Form\CoordinateType" namespace="App\Form">
          <metrics complexity="4" methods="3" coveredmethods="0" conditionals="0" coveredconditionals="0" statements="34" coveredstatements="0" elements="37" coveredelements="0"/>
        </class>
        <line num="15" type="method" name="buildForm" visibility="public" complexity="1" crap="2" count="0"/>
        <line num="16" type="stmt" count="0"/>
        <line num="17" type="stmt" count="0"/>
        <line num="18" type="stmt" count="0"/>
        <line num="19" type="stmt" count="0"/>
        <line num="20" type="stmt" count="0"/>
        <line num="21" type="stmt" count="0"/>
        <line num="22" type="stmt" count="0"/>
        <line num="23" type="stmt" count="0"/>
        <line num="24" type="stmt" count="0"/>
        <line num="25" type="stmt" count="0"/>
        <line num="26" type="stmt" count="0"/>
        <line num="27" type="stmt" count="0"/>
        <line num="28" type="stmt" count="0"/>
        <line num="29" type="stmt" count="0"/>
        <line num="30" type="stmt" count="0"/>
        <line num="31" type="stmt" count="0"/>
        <line num="32" type="stmt" count="0"/>
        <line num="34" type="stmt" count="0"/>
        <line num="35" type="stmt" count="0"/>
        <line num="41" type="method" name="mapDataToForms" visibility="public" complexity="2" crap="6" count="0"/>
        <line num="42" type="stmt" count="0"/>
        <line num="43" type="stmt" count="0"/>
        <line num="44" type="stmt" count="0"/>
        <line num="45" type="stmt" count="0"/>
        <line num="47" type="stmt" count="0"/>
        <line num="48" type="stmt" count="0"/>
        <line num="49" type="stmt" count="0"/>
        <line num="50" type="stmt" count="0"/>
        <line num="56" type="method" name="mapFormsToData" visibility="public" complexity="1" crap="2" count="0"/>
        <line num="57" type="stmt" count="0"/>
        <line num="58" type="stmt" count="0"/>
        <line num="60" type="stmt" count="0"/>
        <line num="61" type="stmt" count="0"/>
        <line num="62" type="stmt" count="0"/>
        <line num="63" type="stmt" count="0"/>
        <line num="64" type="stmt" count="0"/>
        <metrics loc="65" ncloc="57" classes="1" methods="3" coveredmethods="0" conditionals="0" coveredconditionals="0" statements="34" coveredstatements="0" elements="37" coveredelements="0"/>
      </file>
    </package>
    <package name="App">
      <file name="/var/www/symfony_app/src/Kernel.php">
        <class name="App\Kernel" namespace="App">
          <metrics complexity="8" methods="5" coveredmethods="0" conditionals="0" coveredconditionals="0" statements="30" coveredstatements="0" elements="35" coveredelements="0"/>
        </class>
        <line num="18" type="method" name="getCacheDir" visibility="public" complexity="1" crap="2" count="0"/>
        <line num="19" type="stmt" count="0"/>
        <line num="20" type="stmt" count="0"/>
        <line num="21" type="stmt" count="0"/>
        <line num="23" type="method" name="getLogDir" visibility="public" complexity="1" crap="2" count="0"/>
        <line num="24" type="stmt" count="0"/>
        <line num="25" type="stmt" count="0"/>
        <line num="26" type="stmt" count="0"/>
        <line num="28" type="method" name="registerBundles" visibility="public" complexity="4" crap="20" count="0"/>
        <line num="29" type="stmt" count="0"/>
        <line num="30" type="stmt" count="0"/>
        <line num="31" type="stmt" count="0"/>
        <line num="32" type="stmt" count="0"/>
        <line num="33" type="stmt" count="0"/>
        <line num="34" type="stmt" count="0"/>
        <line num="35" type="stmt" count="0"/>
        <line num="36" type="stmt" count="0"/>
        <line num="38" type="method" name="configureContainer" visibility="protected" complexity="1" crap="2" count="0"/>
        <line num="39" type="stmt" count="0"/>
        <line num="40" type="stmt" count="0"/>
        <line num="43" type="stmt" count="0"/>
        <line num="44" type="stmt" count="0"/>
        <line num="45" type="stmt" count="0"/>
        <line num="47" type="stmt" count="0"/>
        <line num="48" type="stmt" count="0"/>
        <line num="49" type="stmt" count="0"/>
        <line num="50" type="stmt" count="0"/>
        <line num="51" type="stmt" count="0"/>
        <line num="53" type="method" name="configureRoutes" visibility="protected" complexity="1" crap="2" count="0"/>
        <line num="54" type="stmt" count="0"/>
        <line num="55" type="stmt" count="0"/>
        <line num="57" type="stmt" count="0"/>
        <line num="58" type="stmt" count="0"/>
        <line num="59" type="stmt" count="0"/>
        <line num="60" type="stmt" count="0"/>
        <metrics loc="61" ncloc="57" classes="1" methods="5" coveredmethods="0" conditionals="0" coveredconditionals="0" statements="30" coveredstatements="0" elements="35" coveredelements="0"/>
      </file>
    </package>
    <package name="App\Model">
      <file name="/var/www/symfony_app/src/Model/AbstractHttpClient.php">
        <class name="App\Model\AbstractHttpClient" namespace="App\Model">
          <metrics complexity="1" methods="1" coveredmethods="1" conditionals="0" coveredconditionals="0" statements="3" coveredstatements="3" elements="4" coveredelements="4"/>
        </class>
        <line num="19" type="method" name="__construct" visibility="public" complexity="1" crap="1" count="7"/>
        <line num="21" type="stmt" count="7"/>
        <line num="22" type="stmt" count="7"/>
        <line num="23" type="stmt" count="7"/>
        <metrics loc="24" ncloc="18" classes="1" methods="1" coveredmethods="1" conditionals="0" coveredconditionals="0" statements="3" coveredstatements="3" elements="4" coveredelements="4"/>
      </file>
      <file name="/var/www/symfony_app/src/Model/Coordinate.php">
        <class name="App\Model\Coordinate" namespace="App\Model">
          <metrics complexity="8" methods="4" coveredmethods="1" conditionals="0" coveredconditionals="0" statements="11" coveredstatements="7" elements="15" coveredelements="8"/>
        </class>
        <line num="24" type="method" name="__construct" visibility="public" complexity="5" crap="5" count="3"/>
        <line num="26" type="stmt" count="3"/>
        <line num="27" type="stmt" count="1"/>
        <line num="30" type="stmt" count="2"/>
        <line num="31" type="stmt" count="1"/>
        <line num="34" type="stmt" count="1"/>
        <line num="35" type="stmt" count="1"/>
        <line num="36" type="stmt" count="1"/>
        <line num="38" type="method" name="getLat" visibility="public" complexity="1" crap="2" count="0"/>
        <line num="40" type="stmt" count="0"/>
        <line num="43" type="method" name="getLng" visibility="public" complexity="1" crap="2" count="0"/>
        <line num="45" type="stmt" count="0"/>
        <line num="48" type="method" name="toArray" visibility="public" complexity="1" crap="2" count="0"/>
        <line num="51" type="stmt" count="0"/>
        <line num="52" type="stmt" count="0"/>
        <metrics loc="55" ncloc="49" classes="1" methods="4" coveredmethods="1" conditionals="0" coveredconditionals="0" statements="11" coveredstatements="7" elements="15" coveredelements="8"/>
      </file>
      <file name="/var/www/symfony_app/src/Model/Distance.php">
        <class name="App\Model\Distance" namespace="App\Model">
          <metrics complexity="2" methods="2" coveredmethods="1" conditionals="0" coveredconditionals="0" statements="5" coveredstatements="3" elements="7" coveredelements="4"/>
        </class>
        <line num="21" type="method" name="__construct" visibility="public" complexity="1" crap="1" count="1"/>
        <line num="23" type="stmt" count="1"/>
        <line num="24" type="stmt" count="1"/>
        <line num="25" type="stmt" count="1"/>
        <line num="27" type="method" name="toArray" visibility="public" complexity="1" crap="2" count="0"/>
        <line num="30" type="stmt" count="0"/>
        <line num="31" type="stmt" count="0"/>
        <metrics loc="34" ncloc="28" classes="1" methods="2" coveredmethods="1" conditionals="0" coveredconditionals="0" statements="5" coveredstatements="3" elements="7" coveredelements="4"/>
      </file>
      <file name="/var/www/symfony_app/src/Model/Satellite.php">
        <class name="App\Model\Satellite" namespace="App\Model">
          <metrics complexity="8" methods="6" coveredmethods="1" conditionals="0" coveredconditionals="0" statements="13" coveredstatements="3" elements="19" coveredelements="4"/>
        </class>
        <line num="25" type="method" name="__construct" visibility="public" complexity="1" crap="1" count="1"/>
        <line num="27" type="stmt" count="1"/>
        <line num="28" type="stmt" count="1"/>
        <line num="29" type="stmt" count="1"/>
        <line num="31" type="method" name="getId" visibility="public" complexity="1" crap="2" count="0"/>
        <line num="33" type="stmt" count="0"/>
        <line num="36" type="method" name="getName" visibility="public" complexity="1" crap="2" count="0"/>
        <line num="38" type="stmt" count="0"/>
        <line num="41" type="method" name="getCoordinate" visibility="public" complexity="2" crap="6" count="0"/>
        <line num="43" type="stmt" count="0"/>
        <line num="46" type="method" name="setCoordinate" visibility="public" complexity="1" crap="2" count="0"/>
        <line num="48" type="stmt" count="0"/>
        <line num="50" type="stmt" count="0"/>
        <line num="53" type="method" name="toArray" visibility="public" complexity="2" crap="6" count="0"/>
        <line num="56" type="stmt" count="0"/>
        <line num="57" type="stmt" count="0"/>
        <line num="60" type="stmt" count="0"/>
        <line num="61" type="stmt" count="0"/>
        <line num="64" type="stmt" count="0"/>
        <metrics loc="66" ncloc="57" classes="1" methods="6" coveredmethods="1" conditionals="0" coveredconditionals="0" statements="13" coveredstatements="3" elements="19" coveredelements="4"/>
      </file>
    </package>
    <file name="/var/www/symfony_app/src/Model/Arrayable.php">
      <metrics loc="8" ncloc="8" classes="0" methods="0" coveredmethods="0" conditionals="0" coveredconditionals="0" statements="0" coveredstatements="0" elements="0" coveredelements="0"/>
    </file>
    <file name="/var/www/symfony_app/src/Service/CollectionInterface.php">
      <metrics loc="8" ncloc="8" classes="0" methods="0" coveredmethods="0" conditionals="0" coveredconditionals="0" statements="0" coveredstatements="0" elements="0" coveredelements="0"/>
    </file>
    <package name="App\Service\Coordinate">
      <file name="/var/www/symfony_app/src/Service/Coordinate/CoordinateCreationService.php">
        <class name="App\Service\Coordinate\CoordinateCreationService" namespace="App\Service\Coordinate">
          <metrics complexity="2" methods="2" coveredmethods="1" conditionals="0" coveredconditionals="0" statements="4" coveredstatements="3" elements="6" coveredelements="4"/>
        </class>
        <line num="10" type="method" name="__construct" visibility="private" complexity="1" crap="2" count="0"/>
        <line num="12" type="stmt" count="0"/>
        <line num="14" type="method" name="createFrom" visibility="public" complexity="1" crap="1" count="2"/>
        <line num="16" type="stmt" count="2"/>
        <line num="17" type="stmt" count="2"/>
        <line num="18" type="stmt" count="1"/>
        <metrics loc="21" ncloc="21" classes="1" methods="2" coveredmethods="1" conditionals="0" coveredconditionals="0" statements="4" coveredstatements="3" elements="6" coveredelements="4"/>
      </file>
      <file name="/var/www/symfony_app/src/Service/Coordinate/CoordinateFinderService.php">
        <class name="App\Service\Coordinate\CoordinateFinderService" namespace="App\Service\Coordinate">
          <metrics complexity="5" methods="1" coveredmethods="1" conditionals="0" coveredconditionals="0" statements="7" coveredstatements="7" elements="8" coveredelements="8"/>
        </class>
        <line num="12" type="method" name="find" visibility="public" complexity="5" crap="5" count="3"/>
        <line num="14" type="stmt" count="3"/>
        <line num="15" type="stmt" count="1"/>
        <line num="19" type="stmt" count="2"/>
        <line num="20" type="stmt" count="2"/>
        <line num="22" type="stmt" count="2"/>
        <line num="23" type="stmt" count="1"/>
        <line num="26" type="stmt" count="1"/>
        <metrics loc="28" ncloc="28" classes="1" methods="1" coveredmethods="1" conditionals="0" coveredconditionals="0" statements="7" coveredstatements="7" elements="8" coveredelements="8"/>
      </file>
    </package>
    <package name="App\Service\Distance">
      <file name="/var/www/symfony_app/src/Service/Distance/DistanceCalculatorService.php">
        <class name="App\Service\Distance\DistanceCalculatorService" namespace="App\Service\Distance">
          <metrics complexity="5" methods="3" coveredmethods="2" conditionals="0" coveredconditionals="0" statements="19" coveredstatements="17" elements="22" coveredelements="19"/>
        </class>
        <line num="19" type="method" name="__construct" visibility="public" complexity="1" crap="1" count="2"/>
        <line num="21" type="stmt" count="2"/>
        <line num="22" type="stmt" count="2"/>
        <line num="24" type="method" name="create" visibility="public" complexity="3" crap="3.58" count="1"/>
        <line num="27" type="stmt" count="1"/>
        <line num="28" type="stmt" count="1"/>
        <line num="30" type="stmt" count="1"/>
        <line num="31" type="stmt" count="0"/>
        <line num="34" type="stmt" count="0"/>
        <line num="37" type="method" name="calculate" visibility="private" complexity="1" crap="1" count="1"/>
        <line num="39" type="stmt" count="1"/>
        <line num="40" type="stmt" count="1"/>
        <line num="41" type="stmt" count="1"/>
        <line num="42" type="stmt" count="1"/>
        <line num="44" type="stmt" count="1"/>
        <line num="45" type="stmt" count="1"/>
        <line num="47" type="stmt" count="1"/>
        <line num="48" type="stmt" count="1"/>
        <line num="49" type="stmt" count="1"/>
        <line num="51" type="stmt" count="1"/>
        <line num="52" type="stmt" count="1"/>
        <line num="54" type="stmt" count="1"/>
        <metrics loc="56" ncloc="53" classes="1" methods="3" coveredmethods="2" conditionals="0" coveredconditionals="0" statements="19" coveredstatements="17" elements="22" coveredelements="19"/>
      </file>
    </package>
    <file name="/var/www/symfony_app/src/Service/FinderInterface.php">
      <metrics loc="8" ncloc="8" classes="0" methods="0" coveredmethods="0" conditionals="0" coveredconditionals="0" statements="0" coveredstatements="0" elements="0" coveredelements="0"/>
    </file>
    <package name="App\Service\Satellite">
      <file name="/var/www/symfony_app/src/Service/Satellite/ISSBuilderService.php">
        <class name="App\Service\Satellite\ISSBuilderService" namespace="App\Service\Satellite">
          <metrics complexity="6" methods="2" coveredmethods="1" conditionals="0" coveredconditionals="0" statements="11" coveredstatements="10" elements="13" coveredelements="11"/>
        </class>
        <line num="22" type="method" name="__construct" visibility="public" complexity="1" crap="1" count="3"/>
        <line num="26" type="stmt" count="3"/>
        <line num="27" type="stmt" count="3"/>
        <line num="28" type="stmt" count="3"/>
        <line num="33" type="method" name="build" visibility="public" complexity="5" crap="5.05" count="2"/>
        <line num="35" type="stmt" count="2"/>
        <line num="36" type="stmt" count="2"/>
        <line num="37" type="stmt" count="1"/>
        <line num="40" type="stmt" count="1"/>
        <line num="41" type="stmt" count="1"/>
        <line num="42" type="stmt" count="1"/>
        <line num="44" type="stmt" count="1"/>
        <line num="48" type="stmt" count="0"/>
        <metrics loc="50" ncloc="41" classes="1" methods="2" coveredmethods="1" conditionals="0" coveredconditionals="0" statements="11" coveredstatements="10" elements="13" coveredelements="11"/>
      </file>
      <file name="/var/www/symfony_app/src/Service/Satellite/SatelliteCreationService.php">
        <class name="App\Service\Satellite\SatelliteCreationService" namespace="App\Service\Satellite">
          <metrics complexity="2" methods="2" coveredmethods="1" conditionals="0" coveredconditionals="0" statements="4" coveredstatements="3" elements="6" coveredelements="4"/>
        </class>
        <line num="10" type="method" name="__construct" visibility="private" complexity="1" crap="2" count="0"/>
        <line num="12" type="stmt" count="0"/>
        <line num="14" type="method" name="createFrom" visibility="public" complexity="1" crap="1" count="2"/>
        <line num="16" type="stmt" count="2"/>
        <line num="17" type="stmt" count="2"/>
        <line num="18" type="stmt" count="1"/>
        <metrics loc="21" ncloc="21" classes="1" methods="2" coveredmethods="1" conditionals="0" coveredconditionals="0" statements="4" coveredstatements="3" elements="6" coveredelements="4"/>
      </file>
      <file name="/var/www/symfony_app/src/Service/Satellite/SatelliteFinderService.php">
        <class name="App\Service\Satellite\SatelliteFinderService" namespace="App\Service\Satellite">
          <metrics complexity="5" methods="1" coveredmethods="1" conditionals="0" coveredconditionals="0" statements="8" coveredstatements="8" elements="9" coveredelements="9"/>
        </class>
        <line num="14" type="method" name="find" visibility="public" complexity="5" crap="5" count="2"/>
        <line num="17" type="stmt" count="2"/>
        <line num="18" type="stmt" count="2"/>
        <line num="20" type="stmt" count="2"/>
        <line num="21" type="stmt" count="2"/>
        <line num="22" type="stmt" count="2"/>
        <line num="25" type="stmt" count="1"/>
        <line num="26" type="stmt" count="1"/>
        <line num="29" type="stmt" count="1"/>
        <metrics loc="31" ncloc="28" classes="1" methods="1" coveredmethods="1" conditionals="0" coveredconditionals="0" statements="8" coveredstatements="8" elements="9" coveredelements="9"/>
      </file>
    </package>
    <metrics files="24" loc="741" ncloc="665" classes="20" methods="45" coveredmethods="19" conditionals="0" coveredconditionals="0" statements="197" coveredstatements="85" elements="242" coveredelements="104"/>
  </project>
</coverage>
